<?xml version="1.0" encoding="UTF-8"?>
<!-- Generated by org.testng.reporters.JUnitReportReporter -->
<testsuite skipped="0" hostname="LAPTOP-EHB82DG5" name="learnappium.Appium_Mobile.ScoreAPP" tests="1" failures="0" timestamp="05 Nov 2023 06:19:06 GMT" time="22.019" errors="0">
  <testcase name="ScoreAPPMethod" time="22.019" classname="learnappium.Appium_Mobile.ScoreAPP"/>
</testsuite> <!-- learnappium.Appium_Mobile.ScoreAPP -->
